Building DAG of jobs...
Subworkflow leafcutter_cluster_sf3b1_pancancer: Nothing to be done.
Subworkflow leafcutter_sf3b1_contrast_blood: Nothing to be done.
Subworkflow sf3b1_blood_cluster_darman_juncs: Nothing to be done.
Subworkflow sf3b1_blood_GTEX_ds: Nothing to be done.
Subworkflow sf3b1_mostlymarrow_ds: Nothing to be done.
Executing subworkflow sf3b1_k700e_e622d_ds.
Building DAG of jobs...
Using shell: /bin/bash
Provided cluster nodes: 200
Job counts:
	count	jobs
	1	MoveFullJunctionCountTableToGitRepo
	1	MoveLeafcutterDsToGitRepo
	3	MoveSnaptronSamplesInfoToGitRepo
	1	all
	1	leafcutter_ds
	1	merge_numers_and_denoms
	8

[Fri Jul 12 16:41:00 2019]
rule merge_numers_and_denoms:
    input: /scratch/midway2/slozano/snaptron-analysis/leafcutter/clustering/sf3b1_k700e_e622d_ds.juncfiles_ChromosomalGenome.bed/chr1/leafcutter_perind.counts.numers, /scratch/midway2/slozano/snaptron-analysis/leafcutter/clustering/sf3b1_k700e_e622d_ds.juncfiles_ChromosomalGenome.bed/chr2/leafcutter_perind.counts.numers, /scratch/midway2/slozano/snaptron-analysis/leafcutter/clustering/sf3b1_k700e_e622d_ds.juncfiles_ChromosomalGenome.bed/chr3/leafcutter_perind.counts.numers, /scratch/midway2/slozano/snaptron-analysis/leafcutter/clustering/sf3b1_k700e_e622d_ds.juncfiles_ChromosomalGenome.bed/chr4/leafcutter_perind.counts.numers, /scratch/midway2/slozano/snaptron-analysis/leafcutter/clustering/sf3b1_k700e_e622d_ds.juncfiles_ChromosomalGenome.bed/chr5/leafcutter_perind.counts.numers, /scratch/midway2/slozano/snaptron-analysis/leafcutter/clustering/sf3b1_k700e_e622d_ds.juncfiles_ChromosomalGenome.bed/chr6/leafcutter_perind.counts.numers, /scratch/midway2/slozano/snaptron-analysis/leafcutter/clustering/sf3b1_k700e_e622d_ds.juncfiles_ChromosomalGenome.bed/chr7/leafcutter_perind.counts.numers, /scratch/midway2/slozano/snaptron-analysis/leafcutter/clustering/sf3b1_k700e_e622d_ds.juncfiles_ChromosomalGenome.bed/chr8/leafcutter_perind.counts.numers, /scratch/midway2/slozano/snaptron-analysis/leafcutter/clustering/sf3b1_k700e_e622d_ds.juncfiles_ChromosomalGenome.bed/chr9/leafcutter_perind.counts.numers, /scratch/midway2/slozano/snaptron-analysis/leafcutter/clustering/sf3b1_k700e_e622d_ds.juncfiles_ChromosomalGenome.bed/chr10/leafcutter_perind.counts.numers, /scratch/midway2/slozano/snaptron-analysis/leafcutter/clustering/sf3b1_k700e_e622d_ds.juncfiles_ChromosomalGenome.bed/chr11/leafcutter_perind.counts.numers, /scratch/midway2/slozano/snaptron-analysis/leafcutter/clustering/sf3b1_k700e_e622d_ds.juncfiles_ChromosomalGenome.bed/chr12/leafcutter_perind.counts.numers, /scratch/midway2/slozano/snaptron-analysis/leafcutter/clustering/sf3b1_k700e_e622d_ds.juncfiles_ChromosomalGenome.bed/chr13/leafcutter_perind.counts.numers, /scratch/midway2/slozano/snaptron-analysis/leafcutter/clustering/sf3b1_k700e_e622d_ds.juncfiles_ChromosomalGenome.bed/chr14/leafcutter_perind.counts.numers, /scratch/midway2/slozano/snaptron-analysis/leafcutter/clustering/sf3b1_k700e_e622d_ds.juncfiles_ChromosomalGenome.bed/chr15/leafcutter_perind.counts.numers, /scratch/midway2/slozano/snaptron-analysis/leafcutter/clustering/sf3b1_k700e_e622d_ds.juncfiles_ChromosomalGenome.bed/chr16/leafcutter_perind.counts.numers, /scratch/midway2/slozano/snaptron-analysis/leafcutter/clustering/sf3b1_k700e_e622d_ds.juncfiles_ChromosomalGenome.bed/chr17/leafcutter_perind.counts.numers, /scratch/midway2/slozano/snaptron-analysis/leafcutter/clustering/sf3b1_k700e_e622d_ds.juncfiles_ChromosomalGenome.bed/chr18/leafcutter_perind.counts.numers, /scratch/midway2/slozano/snaptron-analysis/leafcutter/clustering/sf3b1_k700e_e622d_ds.juncfiles_ChromosomalGenome.bed/chr19/leafcutter_perind.counts.numers, /scratch/midway2/slozano/snaptron-analysis/leafcutter/clustering/sf3b1_k700e_e622d_ds.juncfiles_ChromosomalGenome.bed/chr20/leafcutter_perind.counts.numers, /scratch/midway2/slozano/snaptron-analysis/leafcutter/clustering/sf3b1_k700e_e622d_ds.juncfiles_ChromosomalGenome.bed/chr21/leafcutter_perind.counts.numers, /scratch/midway2/slozano/snaptron-analysis/leafcutter/clustering/sf3b1_k700e_e622d_ds.juncfiles_ChromosomalGenome.bed/chr22/leafcutter_perind.counts.numers, /scratch/midway2/slozano/snaptron-analysis/leafcutter/clustering/sf3b1_k700e_e622d_ds.juncfiles_ChromosomalGenome.bed/chrX/leafcutter_perind.counts.numers, /scratch/midway2/slozano/snaptron-analysis/leafcutter/clustering/sf3b1_k700e_e622d_ds.juncfiles_ChromosomalGenome.bed/chrY/leafcutter_perind.counts.numers, /scratch/midway2/slozano/snaptron-analysis/leafcutter/clustering/sf3b1_k700e_e622d_ds.juncfiles_ChromosomalGenome.bed/chr1/leafcutter_perind.counts.denoms, /scratch/midway2/slozano/snaptron-analysis/leafcutter/clustering/sf3b1_k700e_e622d_ds.juncfiles_ChromosomalGenome.bed/chr2/leafcutter_perind.counts.denoms, /scratch/midway2/slozano/snaptron-analysis/leafcutter/clustering/sf3b1_k700e_e622d_ds.juncfiles_ChromosomalGenome.bed/chr3/leafcutter_perind.counts.denoms, /scratch/midway2/slozano/snaptron-analysis/leafcutter/clustering/sf3b1_k700e_e622d_ds.juncfiles_ChromosomalGenome.bed/chr4/leafcutter_perind.counts.denoms, /scratch/midway2/slozano/snaptron-analysis/leafcutter/clustering/sf3b1_k700e_e622d_ds.juncfiles_ChromosomalGenome.bed/chr5/leafcutter_perind.counts.denoms, /scratch/midway2/slozano/snaptron-analysis/leafcutter/clustering/sf3b1_k700e_e622d_ds.juncfiles_ChromosomalGenome.bed/chr6/leafcutter_perind.counts.denoms, /scratch/midway2/slozano/snaptron-analysis/leafcutter/clustering/sf3b1_k700e_e622d_ds.juncfiles_ChromosomalGenome.bed/chr7/leafcutter_perind.counts.denoms, /scratch/midway2/slozano/snaptron-analysis/leafcutter/clustering/sf3b1_k700e_e622d_ds.juncfiles_ChromosomalGenome.bed/chr8/leafcutter_perind.counts.denoms, /scratch/midway2/slozano/snaptron-analysis/leafcutter/clustering/sf3b1_k700e_e622d_ds.juncfiles_ChromosomalGenome.bed/chr9/leafcutter_perind.counts.denoms, /scratch/midway2/slozano/snaptron-analysis/leafcutter/clustering/sf3b1_k700e_e622d_ds.juncfiles_ChromosomalGenome.bed/chr10/leafcutter_perind.counts.denoms, /scratch/midway2/slozano/snaptron-analysis/leafcutter/clustering/sf3b1_k700e_e622d_ds.juncfiles_ChromosomalGenome.bed/chr11/leafcutter_perind.counts.denoms, /scratch/midway2/slozano/snaptron-analysis/leafcutter/clustering/sf3b1_k700e_e622d_ds.juncfiles_ChromosomalGenome.bed/chr12/leafcutter_perind.counts.denoms, /scratch/midway2/slozano/snaptron-analysis/leafcutter/clustering/sf3b1_k700e_e622d_ds.juncfiles_ChromosomalGenome.bed/chr13/leafcutter_perind.counts.denoms, /scratch/midway2/slozano/snaptron-analysis/leafcutter/clustering/sf3b1_k700e_e622d_ds.juncfiles_ChromosomalGenome.bed/chr14/leafcutter_perind.counts.denoms, /scratch/midway2/slozano/snaptron-analysis/leafcutter/clustering/sf3b1_k700e_e622d_ds.juncfiles_ChromosomalGenome.bed/chr15/leafcutter_perind.counts.denoms, /scratch/midway2/slozano/snaptron-analysis/leafcutter/clustering/sf3b1_k700e_e622d_ds.juncfiles_ChromosomalGenome.bed/chr16/leafcutter_perind.counts.denoms, /scratch/midway2/slozano/snaptron-analysis/leafcutter/clustering/sf3b1_k700e_e622d_ds.juncfiles_ChromosomalGenome.bed/chr17/leafcutter_perind.counts.denoms, /scratch/midway2/slozano/snaptron-analysis/leafcutter/clustering/sf3b1_k700e_e622d_ds.juncfiles_ChromosomalGenome.bed/chr18/leafcutter_perind.counts.denoms, /scratch/midway2/slozano/snaptron-analysis/leafcutter/clustering/sf3b1_k700e_e622d_ds.juncfiles_ChromosomalGenome.bed/chr19/leafcutter_perind.counts.denoms, /scratch/midway2/slozano/snaptron-analysis/leafcutter/clustering/sf3b1_k700e_e622d_ds.juncfiles_ChromosomalGenome.bed/chr20/leafcutter_perind.counts.denoms, /scratch/midway2/slozano/snaptron-analysis/leafcutter/clustering/sf3b1_k700e_e622d_ds.juncfiles_ChromosomalGenome.bed/chr21/leafcutter_perind.counts.denoms, /scratch/midway2/slozano/snaptron-analysis/leafcutter/clustering/sf3b1_k700e_e622d_ds.juncfiles_ChromosomalGenome.bed/chr22/leafcutter_perind.counts.denoms, /scratch/midway2/slozano/snaptron-analysis/leafcutter/clustering/sf3b1_k700e_e622d_ds.juncfiles_ChromosomalGenome.bed/chrX/leafcutter_perind.counts.denoms, /scratch/midway2/slozano/snaptron-analysis/leafcutter/clustering/sf3b1_k700e_e622d_ds.juncfiles_ChromosomalGenome.bed/chrY/leafcutter_perind.counts.denoms
    output: leafcutter/clustering/sf3b1_k700e_e622d_ds.juncfiles_ChromosomalGenome.bed/Merged/leafcutter_perind.counts.numers.gz, leafcutter/clustering/sf3b1_k700e_e622d_ds.juncfiles_ChromosomalGenome.bed/Merged/leafcutter_perind.counts.denoms.gz, leafcutter/clustering/sf3b1_k700e_e622d_ds.juncfiles_ChromosomalGenome.bed/Merged/leafcutter_perind_numers.gz
    jobid: 1


        awk 'NR==1 {print} FNR>1 {print}' /scratch/midway2/slozano/snaptron-analysis/leafcutter/clustering/sf3b1_k700e_e622d_ds.juncfiles_ChromosomalGenome.bed/chr1/leafcutter_perind.counts.numers /scratch/midway2/slozano/snaptron-analysis/leafcutter/clustering/sf3b1_k700e_e622d_ds.juncfiles_ChromosomalGenome.bed/chr2/leafcutter_perind.counts.numers /scratch/midway2/slozano/snaptron-analysis/leafcutter/clustering/sf3b1_k700e_e622d_ds.juncfiles_ChromosomalGenome.bed/chr3/leafcutter_perind.counts.numers /scratch/midway2/slozano/snaptron-analysis/leafcutter/clustering/sf3b1_k700e_e622d_ds.juncfiles_ChromosomalGenome.bed/chr4/leafcutter_perind.counts.numers /scratch/midway2/slozano/snaptron-analysis/leafcutter/clustering/sf3b1_k700e_e622d_ds.juncfiles_ChromosomalGenome.bed/chr5/leafcutter_perind.counts.numers /scratch/midway2/slozano/snaptron-analysis/leafcutter/clustering/sf3b1_k700e_e622d_ds.juncfiles_ChromosomalGenome.bed/chr6/leafcutter_perind.counts.numers /scratch/midway2/slozano/snaptron-analysis/leafcutter/clustering/sf3b1_k700e_e622d_ds.juncfiles_ChromosomalGenome.bed/chr7/leafcutter_perind.counts.numers /scratch/midway2/slozano/snaptron-analysis/leafcutter/clustering/sf3b1_k700e_e622d_ds.juncfiles_ChromosomalGenome.bed/chr8/leafcutter_perind.counts.numers /scratch/midway2/slozano/snaptron-analysis/leafcutter/clustering/sf3b1_k700e_e622d_ds.juncfiles_ChromosomalGenome.bed/chr9/leafcutter_perind.counts.numers /scratch/midway2/slozano/snaptron-analysis/leafcutter/clustering/sf3b1_k700e_e622d_ds.juncfiles_ChromosomalGenome.bed/chr10/leafcutter_perind.counts.numers /scratch/midway2/slozano/snaptron-analysis/leafcutter/clustering/sf3b1_k700e_e622d_ds.juncfiles_ChromosomalGenome.bed/chr11/leafcutter_perind.counts.numers /scratch/midway2/slozano/snaptron-analysis/leafcutter/clustering/sf3b1_k700e_e622d_ds.juncfiles_ChromosomalGenome.bed/chr12/leafcutter_perind.counts.numers /scratch/midway2/slozano/snaptron-analysis/leafcutter/clustering/sf3b1_k700e_e622d_ds.juncfiles_ChromosomalGenome.bed/chr13/leafcutter_perind.counts.numers /scratch/midway2/slozano/snaptron-analysis/leafcutter/clustering/sf3b1_k700e_e622d_ds.juncfiles_ChromosomalGenome.bed/chr14/leafcutter_perind.counts.numers /scratch/midway2/slozano/snaptron-analysis/leafcutter/clustering/sf3b1_k700e_e622d_ds.juncfiles_ChromosomalGenome.bed/chr15/leafcutter_perind.counts.numers /scratch/midway2/slozano/snaptron-analysis/leafcutter/clustering/sf3b1_k700e_e622d_ds.juncfiles_ChromosomalGenome.bed/chr16/leafcutter_perind.counts.numers /scratch/midway2/slozano/snaptron-analysis/leafcutter/clustering/sf3b1_k700e_e622d_ds.juncfiles_ChromosomalGenome.bed/chr17/leafcutter_perind.counts.numers /scratch/midway2/slozano/snaptron-analysis/leafcutter/clustering/sf3b1_k700e_e622d_ds.juncfiles_ChromosomalGenome.bed/chr18/leafcutter_perind.counts.numers /scratch/midway2/slozano/snaptron-analysis/leafcutter/clustering/sf3b1_k700e_e622d_ds.juncfiles_ChromosomalGenome.bed/chr19/leafcutter_perind.counts.numers /scratch/midway2/slozano/snaptron-analysis/leafcutter/clustering/sf3b1_k700e_e622d_ds.juncfiles_ChromosomalGenome.bed/chr20/leafcutter_perind.counts.numers /scratch/midway2/slozano/snaptron-analysis/leafcutter/clustering/sf3b1_k700e_e622d_ds.juncfiles_ChromosomalGenome.bed/chr21/leafcutter_perind.counts.numers /scratch/midway2/slozano/snaptron-analysis/leafcutter/clustering/sf3b1_k700e_e622d_ds.juncfiles_ChromosomalGenome.bed/chr22/leafcutter_perind.counts.numers /scratch/midway2/slozano/snaptron-analysis/leafcutter/clustering/sf3b1_k700e_e622d_ds.juncfiles_ChromosomalGenome.bed/chrX/leafcutter_perind.counts.numers /scratch/midway2/slozano/snaptron-analysis/leafcutter/clustering/sf3b1_k700e_e622d_ds.juncfiles_ChromosomalGenome.bed/chrY/leafcutter_perind.counts.numers | gzip - > leafcutter/clustering/sf3b1_k700e_e622d_ds.juncfiles_ChromosomalGenome.bed/Merged/leafcutter_perind.counts.numers.gz
        awk 'NR==1 {print} FNR>1 {print}' /scratch/midway2/slozano/snaptron-analysis/leafcutter/clustering/sf3b1_k700e_e622d_ds.juncfiles_ChromosomalGenome.bed/chr1/leafcutter_perind.counts.denoms /scratch/midway2/slozano/snaptron-analysis/leafcutter/clustering/sf3b1_k700e_e622d_ds.juncfiles_ChromosomalGenome.bed/chr2/leafcutter_perind.counts.denoms /scratch/midway2/slozano/snaptron-analysis/leafcutter/clustering/sf3b1_k700e_e622d_ds.juncfiles_ChromosomalGenome.bed/chr3/leafcutter_perind.counts.denoms /scratch/midway2/slozano/snaptron-analysis/leafcutter/clustering/sf3b1_k700e_e622d_ds.juncfiles_ChromosomalGenome.bed/chr4/leafcutter_perind.counts.denoms /scratch/midway2/slozano/snaptron-analysis/leafcutter/clustering/sf3b1_k700e_e622d_ds.juncfiles_ChromosomalGenome.bed/chr5/leafcutter_perind.counts.denoms /scratch/midway2/slozano/snaptron-analysis/leafcutter/clustering/sf3b1_k700e_e622d_ds.juncfiles_ChromosomalGenome.bed/chr6/leafcutter_perind.counts.denoms /scratch/midway2/slozano/snaptron-analysis/leafcutter/clustering/sf3b1_k700e_e622d_ds.juncfiles_ChromosomalGenome.bed/chr7/leafcutter_perind.counts.denoms /scratch/midway2/slozano/snaptron-analysis/leafcutter/clustering/sf3b1_k700e_e622d_ds.juncfiles_ChromosomalGenome.bed/chr8/leafcutter_perind.counts.denoms /scratch/midway2/slozano/snaptron-analysis/leafcutter/clustering/sf3b1_k700e_e622d_ds.juncfiles_ChromosomalGenome.bed/chr9/leafcutter_perind.counts.denoms /scratch/midway2/slozano/snaptron-analysis/leafcutter/clustering/sf3b1_k700e_e622d_ds.juncfiles_ChromosomalGenome.bed/chr10/leafcutter_perind.counts.denoms /scratch/midway2/slozano/snaptron-analysis/leafcutter/clustering/sf3b1_k700e_e622d_ds.juncfiles_ChromosomalGenome.bed/chr11/leafcutter_perind.counts.denoms /scratch/midway2/slozano/snaptron-analysis/leafcutter/clustering/sf3b1_k700e_e622d_ds.juncfiles_ChromosomalGenome.bed/chr12/leafcutter_perind.counts.denoms /scratch/midway2/slozano/snaptron-analysis/leafcutter/clustering/sf3b1_k700e_e622d_ds.juncfiles_ChromosomalGenome.bed/chr13/leafcutter_perind.counts.denoms /scratch/midway2/slozano/snaptron-analysis/leafcutter/clustering/sf3b1_k700e_e622d_ds.juncfiles_ChromosomalGenome.bed/chr14/leafcutter_perind.counts.denoms /scratch/midway2/slozano/snaptron-analysis/leafcutter/clustering/sf3b1_k700e_e622d_ds.juncfiles_ChromosomalGenome.bed/chr15/leafcutter_perind.counts.denoms /scratch/midway2/slozano/snaptron-analysis/leafcutter/clustering/sf3b1_k700e_e622d_ds.juncfiles_ChromosomalGenome.bed/chr16/leafcutter_perind.counts.denoms /scratch/midway2/slozano/snaptron-analysis/leafcutter/clustering/sf3b1_k700e_e622d_ds.juncfiles_ChromosomalGenome.bed/chr17/leafcutter_perind.counts.denoms /scratch/midway2/slozano/snaptron-analysis/leafcutter/clustering/sf3b1_k700e_e622d_ds.juncfiles_ChromosomalGenome.bed/chr18/leafcutter_perind.counts.denoms /scratch/midway2/slozano/snaptron-analysis/leafcutter/clustering/sf3b1_k700e_e622d_ds.juncfiles_ChromosomalGenome.bed/chr19/leafcutter_perind.counts.denoms /scratch/midway2/slozano/snaptron-analysis/leafcutter/clustering/sf3b1_k700e_e622d_ds.juncfiles_ChromosomalGenome.bed/chr20/leafcutter_perind.counts.denoms /scratch/midway2/slozano/snaptron-analysis/leafcutter/clustering/sf3b1_k700e_e622d_ds.juncfiles_ChromosomalGenome.bed/chr21/leafcutter_perind.counts.denoms /scratch/midway2/slozano/snaptron-analysis/leafcutter/clustering/sf3b1_k700e_e622d_ds.juncfiles_ChromosomalGenome.bed/chr22/leafcutter_perind.counts.denoms /scratch/midway2/slozano/snaptron-analysis/leafcutter/clustering/sf3b1_k700e_e622d_ds.juncfiles_ChromosomalGenome.bed/chrX/leafcutter_perind.counts.denoms /scratch/midway2/slozano/snaptron-analysis/leafcutter/clustering/sf3b1_k700e_e622d_ds.juncfiles_ChromosomalGenome.bed/chrY/leafcutter_perind.counts.denoms | gzip - > leafcutter/clustering/sf3b1_k700e_e622d_ds.juncfiles_ChromosomalGenome.bed/Merged/leafcutter_perind.counts.denoms.gz
        awk 'NR==1 {printf $2; for (i=3; i <= NF; i++) printf FS$i; print NL} FNR>1 {print}' /scratch/midway2/slozano/snaptron-analysis/leafcutter/clustering/sf3b1_k700e_e622d_ds.juncfiles_ChromosomalGenome.bed/chr1/leafcutter_perind.counts.numers /scratch/midway2/slozano/snaptron-analysis/leafcutter/clustering/sf3b1_k700e_e622d_ds.juncfiles_ChromosomalGenome.bed/chr2/leafcutter_perind.counts.numers /scratch/midway2/slozano/snaptron-analysis/leafcutter/clustering/sf3b1_k700e_e622d_ds.juncfiles_ChromosomalGenome.bed/chr3/leafcutter_perind.counts.numers /scratch/midway2/slozano/snaptron-analysis/leafcutter/clustering/sf3b1_k700e_e622d_ds.juncfiles_ChromosomalGenome.bed/chr4/leafcutter_perind.counts.numers /scratch/midway2/slozano/snaptron-analysis/leafcutter/clustering/sf3b1_k700e_e622d_ds.juncfiles_ChromosomalGenome.bed/chr5/leafcutter_perind.counts.numers /scratch/midway2/slozano/snaptron-analysis/leafcutter/clustering/sf3b1_k700e_e622d_ds.juncfiles_ChromosomalGenome.bed/chr6/leafcutter_perind.counts.numers /scratch/midway2/slozano/snaptron-analysis/leafcutter/clustering/sf3b1_k700e_e622d_ds.juncfiles_ChromosomalGenome.bed/chr7/leafcutter_perind.counts.numers /scratch/midway2/slozano/snaptron-analysis/leafcutter/clustering/sf3b1_k700e_e622d_ds.juncfiles_ChromosomalGenome.bed/chr8/leafcutter_perind.counts.numers /scratch/midway2/slozano/snaptron-analysis/leafcutter/clustering/sf3b1_k700e_e622d_ds.juncfiles_ChromosomalGenome.bed/chr9/leafcutter_perind.counts.numers /scratch/midway2/slozano/snaptron-analysis/leafcutter/clustering/sf3b1_k700e_e622d_ds.juncfiles_ChromosomalGenome.bed/chr10/leafcutter_perind.counts.numers /scratch/midway2/slozano/snaptron-analysis/leafcutter/clustering/sf3b1_k700e_e622d_ds.juncfiles_ChromosomalGenome.bed/chr11/leafcutter_perind.counts.numers /scratch/midway2/slozano/snaptron-analysis/leafcutter/clustering/sf3b1_k700e_e622d_ds.juncfiles_ChromosomalGenome.bed/chr12/leafcutter_perind.counts.numers /scratch/midway2/slozano/snaptron-analysis/leafcutter/clustering/sf3b1_k700e_e622d_ds.juncfiles_ChromosomalGenome.bed/chr13/leafcutter_perind.counts.numers /scratch/midway2/slozano/snaptron-analysis/leafcutter/clustering/sf3b1_k700e_e622d_ds.juncfiles_ChromosomalGenome.bed/chr14/leafcutter_perind.counts.numers /scratch/midway2/slozano/snaptron-analysis/leafcutter/clustering/sf3b1_k700e_e622d_ds.juncfiles_ChromosomalGenome.bed/chr15/leafcutter_perind.counts.numers /scratch/midway2/slozano/snaptron-analysis/leafcutter/clustering/sf3b1_k700e_e622d_ds.juncfiles_ChromosomalGenome.bed/chr16/leafcutter_perind.counts.numers /scratch/midway2/slozano/snaptron-analysis/leafcutter/clustering/sf3b1_k700e_e622d_ds.juncfiles_ChromosomalGenome.bed/chr17/leafcutter_perind.counts.numers /scratch/midway2/slozano/snaptron-analysis/leafcutter/clustering/sf3b1_k700e_e622d_ds.juncfiles_ChromosomalGenome.bed/chr18/leafcutter_perind.counts.numers /scratch/midway2/slozano/snaptron-analysis/leafcutter/clustering/sf3b1_k700e_e622d_ds.juncfiles_ChromosomalGenome.bed/chr19/leafcutter_perind.counts.numers /scratch/midway2/slozano/snaptron-analysis/leafcutter/clustering/sf3b1_k700e_e622d_ds.juncfiles_ChromosomalGenome.bed/chr20/leafcutter_perind.counts.numers /scratch/midway2/slozano/snaptron-analysis/leafcutter/clustering/sf3b1_k700e_e622d_ds.juncfiles_ChromosomalGenome.bed/chr21/leafcutter_perind.counts.numers /scratch/midway2/slozano/snaptron-analysis/leafcutter/clustering/sf3b1_k700e_e622d_ds.juncfiles_ChromosomalGenome.bed/chr22/leafcutter_perind.counts.numers /scratch/midway2/slozano/snaptron-analysis/leafcutter/clustering/sf3b1_k700e_e622d_ds.juncfiles_ChromosomalGenome.bed/chrX/leafcutter_perind.counts.numers /scratch/midway2/slozano/snaptron-analysis/leafcutter/clustering/sf3b1_k700e_e622d_ds.juncfiles_ChromosomalGenome.bed/chrY/leafcutter_perind.counts.numers | gzip - > leafcutter/clustering/sf3b1_k700e_e622d_ds.juncfiles_ChromosomalGenome.bed/Merged/leafcutter_perind_numers.gz
        
Submitted job 1 with external jobid 'Submitted batch job 61397835'.

[Fri Jul 12 16:41:00 2019]
rule MoveSnaptronSamplesInfoToGitRepo:
    input: ../../data/other_snakemake_data/sf3b1_k700e_e622d_ds.juncfiles, /project2/yangili1/snaptron/TCGA_samples.tsv
    output: ../../output/snakemake_out_sf3b1_k700e_e622d_ds/SnaptronMetadata.TCGA.txt.gz
    jobid: 5
    wildcards: snapdb=TCGA


        awk -F'/' '{ split($NF,a,"."); print a[1] }' ../../data/other_snakemake_data/sf3b1_k700e_e622d_ds.juncfiles > temp.TCGA.txt
        scripts/FilterSampleInfoByRailID.py /project2/yangili1/snaptron/TCGA_samples.tsv temp.TCGA.txt | gzip - > ../../output/snakemake_out_sf3b1_k700e_e622d_ds/SnaptronMetadata.TCGA.txt.gz
        rm temp.TCGA.txt
        
Submitted job 5 with external jobid 'Submitted batch job 61397836'.

[Fri Jul 12 16:41:02 2019]
rule MoveSnaptronSamplesInfoToGitRepo:
    input: ../../data/other_snakemake_data/sf3b1_k700e_e622d_ds.juncfiles, /project2/yangili1/snaptron/SRA2_samples.tsv
    output: ../../output/snakemake_out_sf3b1_k700e_e622d_ds/SnaptronMetadata.SRA2.txt.gz
    jobid: 6
    wildcards: snapdb=SRA2


        awk -F'/' '{ split($NF,a,"."); print a[1] }' ../../data/other_snakemake_data/sf3b1_k700e_e622d_ds.juncfiles > temp.SRA2.txt
        scripts/FilterSampleInfoByRailID.py /project2/yangili1/snaptron/SRA2_samples.tsv temp.SRA2.txt | gzip - > ../../output/snakemake_out_sf3b1_k700e_e622d_ds/SnaptronMetadata.SRA2.txt.gz
        rm temp.SRA2.txt
        
Submitted job 6 with external jobid 'Submitted batch job 61397837'.

[Fri Jul 12 16:41:02 2019]
rule MoveSnaptronSamplesInfoToGitRepo:
    input: ../../data/other_snakemake_data/sf3b1_k700e_e622d_ds.juncfiles, /project2/yangili1/snaptron/GTEX_samples.tsv
    output: ../../output/snakemake_out_sf3b1_k700e_e622d_ds/SnaptronMetadata.GTEX.txt.gz
    jobid: 2
    wildcards: snapdb=GTEX


        awk -F'/' '{ split($NF,a,"."); print a[1] }' ../../data/other_snakemake_data/sf3b1_k700e_e622d_ds.juncfiles > temp.GTEX.txt
        scripts/FilterSampleInfoByRailID.py /project2/yangili1/snaptron/GTEX_samples.tsv temp.GTEX.txt | gzip - > ../../output/snakemake_out_sf3b1_k700e_e622d_ds/SnaptronMetadata.GTEX.txt.gz
        rm temp.GTEX.txt
        
Submitted job 2 with external jobid 'Submitted batch job 61397838'.
[Fri Jul 12 16:41:10 2019]
Finished job 1.
1 of 8 steps (12%) done

[Fri Jul 12 16:41:10 2019]
[Fri Jul 12 16:41:10 2019]
rule MoveFullJunctionCountTableToGitRepo:
    input: leafcutter/clustering/sf3b1_k700e_e622d_ds.juncfiles_ChromosomalGenome.bed/Merged/leafcutter_perind.counts.numers.gz, leafcutter/clustering/sf3b1_k700e_e622d_ds.juncfiles_ChromosomalGenome.bed/Merged/leafcutter_perind.counts.denoms.gz
    output: ../../output/snakemake_out_sf3b1_k700e_e622d_ds/CountTableNumerators.gz, ../../output/snakemake_out_sf3b1_k700e_e622d_ds/CountTableDenominators.gz
    jobid: 3
Finished job 5.

2 of 8 steps (25%) done

        cp leafcutter/clustering/sf3b1_k700e_e622d_ds.juncfiles_ChromosomalGenome.bed/Merged/leafcutter_perind.counts.numers.gz ../../output/snakemake_out_sf3b1_k700e_e622d_ds/CountTableNumerators.gz
        cp leafcutter/clustering/sf3b1_k700e_e622d_ds.juncfiles_ChromosomalGenome.bed/Merged/leafcutter_perind.counts.denoms.gz ../../output/snakemake_out_sf3b1_k700e_e622d_ds/CountTableDenominators.gz
        
[Fri Jul 12 16:41:10 2019]
Finished job 6.
3 of 8 steps (38%) done
[Fri Jul 12 16:41:10 2019]
Finished job 2.
4 of 8 steps (50%) done
Submitted job 3 with external jobid 'Submitted batch job 61397839'.

[Fri Jul 12 16:41:10 2019]
rule leafcutter_ds:
    input: leafcutter/clustering/sf3b1_k700e_e622d_ds.juncfiles_ChromosomalGenome.bed/Merged/leafcutter_perind_numers.gz, ../../data/other_snakemake_data/sf3b1_k700e_e622d_ds.groups.txt
    output: leafcutter/differential_splicing/sf3b1_k700e_e622d_ds.juncfiles_ChromosomalGenome.bed_sf3b1_k700e_e622d_ds.groups.txt_effect_sizes.txt, leafcutter/differential_splicing/sf3b1_k700e_e622d_ds.juncfiles_ChromosomalGenome.bed_sf3b1_k700e_e622d_ds.groups.txt_cluster_significance.txt
    log: logs/leafcutter_ds/sf3b1_k700e_e622d_ds.juncfiles_ChromosomalGenome.bed_sf3b1_k700e_e622d_ds.groups.txt.log
    jobid: 32
    threads: 4


        mkdir -p leafcutter/differential_splicing/
        leafcutter_ds.R -p 4 -o leafcutter/differential_splicing/sf3b1_k700e_e622d_ds.juncfiles_ChromosomalGenome.bed_sf3b1_k700e_e622d_ds.groups.txt -e ../../data/other_snakemake_data/gencode.v26.exons.txt.gz -i 3 -g 3 leafcutter/clustering/sf3b1_k700e_e622d_ds.juncfiles_ChromosomalGenome.bed/Merged/leafcutter_perind_numers.gz ../../data/other_snakemake_data/sf3b1_k700e_e622d_ds.groups.txt &> logs/leafcutter_ds/sf3b1_k700e_e622d_ds.juncfiles_ChromosomalGenome.bed_sf3b1_k700e_e622d_ds.groups.txt.log
        
Submitted job 32 with external jobid 'Submitted batch job 61397840'.
[Fri Jul 12 16:41:20 2019]
Finished job 3.
5 of 8 steps (62%) done
[Fri Jul 12 16:44:20 2019]
Finished job 32.
6 of 8 steps (75%) done

[Fri Jul 12 16:44:20 2019]
rule MoveLeafcutterDsToGitRepo:
    input: leafcutter/differential_splicing/sf3b1_k700e_e622d_ds.juncfiles_ChromosomalGenome.bed_sf3b1_k700e_e622d_ds.groups.txt_effect_sizes.txt, leafcutter/differential_splicing/sf3b1_k700e_e622d_ds.juncfiles_ChromosomalGenome.bed_sf3b1_k700e_e622d_ds.groups.txt_cluster_significance.txt
    output: ../../output/snakemake_out_sf3b1_k700e_e622d_ds/leafcutter.ds.effect_sizes.txt.gz, ../../output/snakemake_out_sf3b1_k700e_e622d_ds/leafcutter.ds.cluster_sig.txt.gz
    jobid: 4


        cat leafcutter/differential_splicing/sf3b1_k700e_e622d_ds.juncfiles_ChromosomalGenome.bed_sf3b1_k700e_e622d_ds.groups.txt_effect_sizes.txt | gzip - > ../../output/snakemake_out_sf3b1_k700e_e622d_ds/leafcutter.ds.effect_sizes.txt.gz
        cat leafcutter/differential_splicing/sf3b1_k700e_e622d_ds.juncfiles_ChromosomalGenome.bed_sf3b1_k700e_e622d_ds.groups.txt_cluster_significance.txt | gzip - > ../../output/snakemake_out_sf3b1_k700e_e622d_ds/leafcutter.ds.cluster_sig.txt.gz
        
Submitted job 4 with external jobid 'Submitted batch job 61397991'.
[Fri Jul 12 16:44:40 2019]
Finished job 4.
7 of 8 steps (88%) done

[Fri Jul 12 16:44:40 2019]
rule all:
    input: ../../output/snakemake_out_sf3b1_k700e_e622d_ds/CountTableNumerators.gz, ../../output/snakemake_out_sf3b1_k700e_e622d_ds/SnaptronMetadata.SRA2.txt.gz, ../../output/snakemake_out_sf3b1_k700e_e622d_ds/SnaptronMetadata.GTEX.txt.gz, ../../output/snakemake_out_sf3b1_k700e_e622d_ds/SnaptronMetadata.TCGA.txt.gz, ../../output/snakemake_out_sf3b1_k700e_e622d_ds/leafcutter.ds.effect_sizes.txt.gz, leafcutter/clustering/sf3b1_k700e_e622d_ds.juncfiles_ChromosomalGenome.bed/Merged/leafcutter_perind.counts.numers.gz
    output: ../../output/snakemake_out_sf3b1_k700e_e622d_ds/GatherFilesCopied.log
    jobid: 0


        echo `date` >> ../../output/snakemake_out_sf3b1_k700e_e622d_ds/GatherFilesCopied.log
        echo ../../output/snakemake_out_sf3b1_k700e_e622d_ds/CountTableNumerators.gz ../../output/snakemake_out_sf3b1_k700e_e622d_ds/SnaptronMetadata.SRA2.txt.gz ../../output/snakemake_out_sf3b1_k700e_e622d_ds/SnaptronMetadata.GTEX.txt.gz ../../output/snakemake_out_sf3b1_k700e_e622d_ds/SnaptronMetadata.TCGA.txt.gz ../../output/snakemake_out_sf3b1_k700e_e622d_ds/leafcutter.ds.effect_sizes.txt.gz leafcutter/clustering/sf3b1_k700e_e622d_ds.juncfiles_ChromosomalGenome.bed/Merged/leafcutter_perind.counts.numers.gz >> ../../output/snakemake_out_sf3b1_k700e_e622d_ds/GatherFilesCopied.log
        
Submitted job 0 with external jobid 'Submitted batch job 61397992'.
[Fri Jul 12 16:44:50 2019]
Finished job 0.
8 of 8 steps (100%) done
Complete log: /project2/yangili1/slozano/snaptron-analysis/code/SubSnakemakeWorkflow/.snakemake/log/2019-07-12T164049.293907.snakemake.log
Executing main workflow.
Using shell: /bin/bash
Provided cluster nodes: 200
Job counts:
	count	jobs
	1	all
	1

[Fri Jul 12 16:45:01 2019]
localrule all:
    input: /project2/yangili1/slozano/snaptron-analysis/code/SubSnakemakeWorkflow/../../output/snakemake_out_sf3b1_k700e_e622d_ds/GatherFilesCopied.log
    jobid: 0

[Fri Jul 12 16:45:01 2019]
Finished job 0.
1 of 1 steps (100%) done
Complete log: /project2/yangili1/slozano/snaptron-analysis/code/SubSnakemakeWorkflow/.snakemake/log/2019-07-12T164049.293907.snakemake.log
