Building DAG of jobs...
Executing subworkflow leafcutter_cluster_sf3b1_pancancer.
Building DAG of jobs...
Nothing to be done.
Executing subworkflow leafcutter_sf3b1_contrast_blood.
Building DAG of jobs...
Nothing to be done.
Executing subworkflow sf3b1_blood_cluster_darman_juncs.
Building DAG of jobs...
Nothing to be done.
Executing subworkflow sf3b1_blood_GTEX_ds.
Building DAG of jobs...
Nothing to be done.
Executing subworkflow sf3b1_mostlymarrow_ds.
Building DAG of jobs...
Nothing to be done.
Executing subworkflow sf3b1_k700e_e622d_ds.
Building DAG of jobs...
MissingRuleException:
No rule to produce ../../output/snakemake_out_sf3b1_k700e_e622d_ds/GatherFilesCopied.log (if you use input functions make sure that they don't raise unexpected exceptions).
