Building DAG of jobs...
Subworkflow leafcutter_cluster_sf3b1_pancancer: Nothing to be done.
Subworkflow leafcutter_sf3b1_contrast_blood: Nothing to be done.
Subworkflow sf3b1_blood_cluster_darman_juncs: Nothing to be done.
Subworkflow sf3b1_blood_GTEX_ds: Nothing to be done.
Subworkflow sf3b1_mostlymarrow_ds: Nothing to be done.
Executing subworkflow sf3b1_k700e_e622d_ds.
Building DAG of jobs...
Using shell: /bin/bash
Provided cluster nodes: 200
Job counts:
	count	jobs
	1	MoveFullJunctionCountTableToGitRepo
	1	MoveLeafcutterDsToGitRepo
	3	MoveSnaptronSamplesInfoToGitRepo
	1	all
	1	leafcutter_ds
	7

[Fri Jul 12 13:46:27 2019]
rule leafcutter_ds:
    input: leafcutter/clustering/k700e_e622d.juncfile_ChromosomalGenome.bed/Merged/leafcutter_perind_numers.gz, ../../data/other_snakemake_data/k700e_e622d.groups.txt
    output: leafcutter/differential_splicing/k700e_e622d.juncfile_ChromosomalGenome.bed_k700e_e622d.groups.txt_effect_sizes.txt, leafcutter/differential_splicing/k700e_e622d.juncfile_ChromosomalGenome.bed_k700e_e622d.groups.txt_cluster_significance.txt
    log: logs/leafcutter_ds/k700e_e622d.juncfile_ChromosomalGenome.bed_k700e_e622d.groups.txt.log
    jobid: 8
    threads: 4


        mkdir -p leafcutter/differential_splicing/
        leafcutter_ds.R -p 4 -o leafcutter/differential_splicing/k700e_e622d.juncfile_ChromosomalGenome.bed_k700e_e622d.groups.txt -e R_project/gencode.v26.exons.txt.gz leafcutter/clustering/k700e_e622d.juncfile_ChromosomalGenome.bed/Merged/leafcutter_perind_numers.gz ../../data/other_snakemake_data/k700e_e622d.groups.txt &> logs/leafcutter_ds/k700e_e622d.juncfile_ChromosomalGenome.bed_k700e_e622d.groups.txt.log
        
Submitted job 8 with external jobid 'Submitted batch job 61393779'.

[Fri Jul 12 13:46:27 2019]
rule MoveSnaptronSamplesInfoToGitRepo:
    input: ../../data/other_snakemake_data/k700e_e622d.juncfile, /project2/yangili1/snaptron/GTEX_samples.tsv
    output: ../../output/snakemake_out_sf3b1_k700e_e622d_ds/SnaptronMetadata.GTEX.txt.gz
    jobid: 6
    wildcards: snapdb=GTEX


        awk -F'/' '{ split($NF,a,"."); print a[1] }' ../../data/other_snakemake_data/k700e_e622d.juncfile > temp.GTEX.txt
        scripts/FilterSampleInfoByRailID.py /project2/yangili1/snaptron/GTEX_samples.tsv temp.GTEX.txt | gzip - > ../../output/snakemake_out_sf3b1_k700e_e622d_ds/SnaptronMetadata.GTEX.txt.gz
        rm temp.GTEX.txt
        
Submitted job 6 with external jobid 'Submitted batch job 61393780'.

[Fri Jul 12 13:46:27 2019]
rule MoveSnaptronSamplesInfoToGitRepo:
    input: ../../data/other_snakemake_data/k700e_e622d.juncfile, /project2/yangili1/snaptron/TCGA_samples.tsv
    output: ../../output/snakemake_out_sf3b1_k700e_e622d_ds/SnaptronMetadata.TCGA.txt.gz
    jobid: 4
    wildcards: snapdb=TCGA


        awk -F'/' '{ split($NF,a,"."); print a[1] }' ../../data/other_snakemake_data/k700e_e622d.juncfile > temp.TCGA.txt
        scripts/FilterSampleInfoByRailID.py /project2/yangili1/snaptron/TCGA_samples.tsv temp.TCGA.txt | gzip - > ../../output/snakemake_out_sf3b1_k700e_e622d_ds/SnaptronMetadata.TCGA.txt.gz
        rm temp.TCGA.txt
        
Submitted job 4 with external jobid 'Submitted batch job 61393781'.

[Fri Jul 12 13:46:27 2019]
rule MoveFullJunctionCountTableToGitRepo:
    input: leafcutter/clustering/k700e_e622d.juncfile_ChromosomalGenome.bed/Merged/leafcutter_perind.counts.numers.gz, leafcutter/clustering/k700e_e622d.juncfile_ChromosomalGenome.bed/Merged/leafcutter_perind.counts.denoms.gz
    output: ../../output/snakemake_out_sf3b1_k700e_e622d_ds/CountTableNumerators.gz, ../../output/snakemake_out_sf3b1_k700e_e622d_ds/CountTableDenominators.gz
    jobid: 2


        cp leafcutter/clustering/k700e_e622d.juncfile_ChromosomalGenome.bed/Merged/leafcutter_perind.counts.numers.gz ../../output/snakemake_out_sf3b1_k700e_e622d_ds/CountTableNumerators.gz
        cp leafcutter/clustering/k700e_e622d.juncfile_ChromosomalGenome.bed/Merged/leafcutter_perind.counts.denoms.gz ../../output/snakemake_out_sf3b1_k700e_e622d_ds/CountTableDenominators.gz
        
Submitted job 2 with external jobid 'Submitted batch job 61393782'.

[Fri Jul 12 13:46:27 2019]
rule MoveSnaptronSamplesInfoToGitRepo:
    input: ../../data/other_snakemake_data/k700e_e622d.juncfile, /project2/yangili1/snaptron/SRA2_samples.tsv
    output: ../../output/snakemake_out_sf3b1_k700e_e622d_ds/SnaptronMetadata.SRA2.txt.gz
    jobid: 1
    wildcards: snapdb=SRA2


        awk -F'/' '{ split($NF,a,"."); print a[1] }' ../../data/other_snakemake_data/k700e_e622d.juncfile > temp.SRA2.txt
        scripts/FilterSampleInfoByRailID.py /project2/yangili1/snaptron/SRA2_samples.tsv temp.SRA2.txt | gzip - > ../../output/snakemake_out_sf3b1_k700e_e622d_ds/SnaptronMetadata.SRA2.txt.gz
        rm temp.SRA2.txt
        
Submitted job 1 with external jobid 'Submitted batch job 61393783'.
[Fri Jul 12 13:46:37 2019]
Error in rule leafcutter_ds:
    jobid: 8
    output: leafcutter/differential_splicing/k700e_e622d.juncfile_ChromosomalGenome.bed_k700e_e622d.groups.txt_effect_sizes.txt, leafcutter/differential_splicing/k700e_e622d.juncfile_ChromosomalGenome.bed_k700e_e622d.groups.txt_cluster_significance.txt
    log: logs/leafcutter_ds/k700e_e622d.juncfile_ChromosomalGenome.bed_k700e_e622d.groups.txt.log
    cluster_jobid: Submitted batch job 61393779

[Fri Jul 12 13:46:37 2019]
Finished job 6.
1 of 7 steps (14%) done
[Fri Jul 12 13:46:37 2019]
Finished job 4.
2 of 7 steps (29%) done
[Fri Jul 12 13:46:37 2019]
Finished job 2.
3 of 7 steps (43%) done
[Fri Jul 12 13:46:37 2019]
Finished job 1.
4 of 7 steps (57%) done
Shutting down, this might take some time.
Exiting because a job execution failed. Look above for error message
Complete log: /project2/yangili1/slozano/snaptron-analysis/code/SubSnakemakeWorkflow/.snakemake/log/2019-07-12T134624.831322.snakemake.log
