Building DAG of jobs...
Subworkflow leafcutter_cluster_sf3b1_pancancer: Nothing to be done.
Subworkflow leafcutter_sf3b1_contrast_blood: Nothing to be done.
Subworkflow sf3b1_blood_cluster_darman_juncs: Nothing to be done.
Subworkflow sf3b1_blood_GTEX_ds: Nothing to be done.
Subworkflow sf3b1_mostlymarrow_ds: Nothing to be done.
Executing subworkflow sf3b1_k700e_e622d_ds.
Building DAG of jobs...
Using shell: /bin/bash
Provided cluster nodes: 200
Job counts:
	count	jobs
	1	MoveLeafcutterDsToGitRepo
	1	all
	1	leafcutter_ds
	3

[Fri Jul 12 13:16:36 2019]
rule leafcutter_ds:
    input: leafcutter/clustering/k700e_e622d.juncfile_ChromosomalGenome.bed/Merged/leafcutter_perind_numers.gz, ../../data/other_snakemake_data/k700e_e622d.groups.txt
    output: leafcutter/differential_splicing/k700e_e622d.juncfile_ChromosomalGenome.bed_k700e_e622d.groups.txt_effect_sizes.txt, leafcutter/differential_splicing/k700e_e622d.juncfile_ChromosomalGenome.bed_k700e_e622d.groups.txt_cluster_significance.txt
    log: logs/leafcutter_ds/k700e_e622d.juncfile_ChromosomalGenome.bed_k700e_e622d.groups.txt.log
    jobid: 9
    threads: 4


        mkdir -p leafcutter/differential_splicing/
        leafcutter_ds.R -p 4 -o leafcutter/differential_splicing/k700e_e622d.juncfile_ChromosomalGenome.bed_k700e_e622d.groups.txt -e R_project/gencode.v26.exons.txt.gz leafcutter/clustering/k700e_e622d.juncfile_ChromosomalGenome.bed/Merged/leafcutter_perind_numers.gz ../../data/other_snakemake_data/k700e_e622d.groups.txt &> logs/leafcutter_ds/k700e_e622d.juncfile_ChromosomalGenome.bed_k700e_e622d.groups.txt.log
        
Submitted job 9 with external jobid 'Submitted batch job 61393735'.
[Fri Jul 12 13:16:46 2019]
Error in rule leafcutter_ds:
    jobid: 9
    output: leafcutter/differential_splicing/k700e_e622d.juncfile_ChromosomalGenome.bed_k700e_e622d.groups.txt_effect_sizes.txt, leafcutter/differential_splicing/k700e_e622d.juncfile_ChromosomalGenome.bed_k700e_e622d.groups.txt_cluster_significance.txt
    log: logs/leafcutter_ds/k700e_e622d.juncfile_ChromosomalGenome.bed_k700e_e622d.groups.txt.log
    cluster_jobid: Submitted batch job 61393735

Shutting down, this might take some time.
Exiting because a job execution failed. Look above for error message
Complete log: /project2/yangili1/slozano/snaptron-analysis/code/SubSnakemakeWorkflow/.snakemake/log/2019-07-12T131632.373535.snakemake.log
