Building DAG of jobs...
Subworkflow leafcutter_cluster_sf3b1_pancancer: Nothing to be done.
Subworkflow leafcutter_sf3b1_contrast_blood: Nothing to be done.
Subworkflow sf3b1_blood_cluster_darman_juncs: Nothing to be done.
Subworkflow sf3b1_blood_GTEX_ds: Nothing to be done.
Subworkflow sf3b1_mostlymarrow_ds: Nothing to be done.
Executing subworkflow sf3b1_k700e_e622d_ds.
Building DAG of jobs...
Job counts:
	count	jobs
	1	MoveLeafcutterDsToGitRepo
	1	all
	1	leafcutter_ds
	3

[Fri Jul 12 15:50:06 2019]
rule leafcutter_ds:
    input: leafcutter/clustering/sf3b1_k700e_e622d_ds.juncfiles_ChromosomalGenome.bed/Merged/leafcutter_perind_numers.gz, ../../data/other_snakemake_data/sf3b1_k700e_e622d_ds.groups.txt
    output: leafcutter/differential_splicing/sf3b1_k700e_e622d_ds.juncfiles_ChromosomalGenome.bed_sf3b1_k700e_e622d_ds.groups.txt_effect_sizes.txt, leafcutter/differential_splicing/sf3b1_k700e_e622d_ds.juncfiles_ChromosomalGenome.bed_sf3b1_k700e_e622d_ds.groups.txt_cluster_significance.txt
    log: logs/leafcutter_ds/sf3b1_k700e_e622d_ds.juncfiles_ChromosomalGenome.bed_sf3b1_k700e_e622d_ds.groups.txt.log
    jobid: 34


        mkdir -p leafcutter/differential_splicing/
        leafcutter_ds.R -p 1 -o leafcutter/differential_splicing/sf3b1_k700e_e622d_ds.juncfiles_ChromosomalGenome.bed_sf3b1_k700e_e622d_ds.groups.txt -e R_project/gencode.v26.exons.txt.gz leafcutter/clustering/sf3b1_k700e_e622d_ds.juncfiles_ChromosomalGenome.bed/Merged/leafcutter_perind_numers.gz ../../data/other_snakemake_data/sf3b1_k700e_e622d_ds.groups.txt &> logs/leafcutter_ds/sf3b1_k700e_e622d_ds.juncfiles_ChromosomalGenome.bed_sf3b1_k700e_e622d_ds.groups.txt.log
        

[Fri Jul 12 15:50:06 2019]
rule MoveLeafcutterDsToGitRepo:
    input: leafcutter/differential_splicing/sf3b1_k700e_e622d_ds.juncfiles_ChromosomalGenome.bed_sf3b1_k700e_e622d_ds.groups.txt_effect_sizes.txt, leafcutter/differential_splicing/sf3b1_k700e_e622d_ds.juncfiles_ChromosomalGenome.bed_sf3b1_k700e_e622d_ds.groups.txt_cluster_significance.txt
    output: ../../output/snakemake_out_sf3b1_k700e_e622d_ds/leafcutter.ds.effect_sizes.txt.gz, ../../output/snakemake_out_sf3b1_k700e_e622d_ds/leafcutter.ds.cluster_sig.txt.gz
    jobid: 6


        cat leafcutter/differential_splicing/sf3b1_k700e_e622d_ds.juncfiles_ChromosomalGenome.bed_sf3b1_k700e_e622d_ds.groups.txt_effect_sizes.txt | gzip - > ../../output/snakemake_out_sf3b1_k700e_e622d_ds/leafcutter.ds.effect_sizes.txt.gz
        cat leafcutter/differential_splicing/sf3b1_k700e_e622d_ds.juncfiles_ChromosomalGenome.bed_sf3b1_k700e_e622d_ds.groups.txt_cluster_significance.txt | gzip - > ../../output/snakemake_out_sf3b1_k700e_e622d_ds/leafcutter.ds.cluster_sig.txt.gz
        

[Fri Jul 12 15:50:06 2019]
rule all:
    input: ../../output/snakemake_out_sf3b1_k700e_e622d_ds/CountTableNumerators.gz, ../../output/snakemake_out_sf3b1_k700e_e622d_ds/SnaptronMetadata.SRA2.txt.gz, ../../output/snakemake_out_sf3b1_k700e_e622d_ds/SnaptronMetadata.GTEX.txt.gz, ../../output/snakemake_out_sf3b1_k700e_e622d_ds/SnaptronMetadata.TCGA.txt.gz, ../../output/snakemake_out_sf3b1_k700e_e622d_ds/leafcutter.ds.effect_sizes.txt.gz, leafcutter/clustering/sf3b1_k700e_e622d_ds.juncfiles_ChromosomalGenome.bed/Merged/leafcutter_perind.counts.numers.gz
    output: ../../output/snakemake_out_sf3b1_k700e_e622d_ds/GatherFilesCopied.log
    jobid: 0


        echo `date` >> ../../output/snakemake_out_sf3b1_k700e_e622d_ds/GatherFilesCopied.log
        echo ../../output/snakemake_out_sf3b1_k700e_e622d_ds/CountTableNumerators.gz ../../output/snakemake_out_sf3b1_k700e_e622d_ds/SnaptronMetadata.SRA2.txt.gz ../../output/snakemake_out_sf3b1_k700e_e622d_ds/SnaptronMetadata.GTEX.txt.gz ../../output/snakemake_out_sf3b1_k700e_e622d_ds/SnaptronMetadata.TCGA.txt.gz ../../output/snakemake_out_sf3b1_k700e_e622d_ds/leafcutter.ds.effect_sizes.txt.gz leafcutter/clustering/sf3b1_k700e_e622d_ds.juncfiles_ChromosomalGenome.bed/Merged/leafcutter_perind.counts.numers.gz >> ../../output/snakemake_out_sf3b1_k700e_e622d_ds/GatherFilesCopied.log
        
Job counts:
	count	jobs
	1	MoveLeafcutterDsToGitRepo
	1	all
	1	leafcutter_ds
	3
Executing main workflow.
Job counts:
	count	jobs
	1	all
	1

[Fri Jul 12 15:50:06 2019]
localrule all:
    input: /project2/yangili1/slozano/snaptron-analysis/code/SubSnakemakeWorkflow/../../output/snakemake_out_sf3b1_k700e_e622d_ds/GatherFilesCopied.log
    jobid: 0

Job counts:
	count	jobs
	1	all
	1
