Building DAG of jobs...
Subworkflow leafcutter_cluster_sf3b1_pancancer: Nothing to be done.
Subworkflow leafcutter_sf3b1_contrast_blood: Nothing to be done.
Subworkflow sf3b1_blood_cluster_darman_juncs: Nothing to be done.
Subworkflow sf3b1_blood_GTEX_ds: Nothing to be done.
Subworkflow sf3b1_mostlymarrow_ds: Nothing to be done.
Subworkflow sf3b1_k700e_e622d_ds: Nothing to be done.
Executing subworkflow sf3b1_nalm6_k700e_wt_ds.
Building DAG of jobs...
Using shell: /bin/bash
Provided cluster nodes: 200
Job counts:
	count	jobs
	1	MoveLeafcutterDsToGitRepo
	1	all
	1	leafcutter_ds
	3

[Fri Jul 19 14:22:21 2019]
rule leafcutter_ds:
    input: leafcutter/clustering/sf3b1_nalm6_k700e_wt_ds.juncfiles_ChromosomalGenome.bed/Merged/leafcutter_perind_numers.gz, ../../data/other_snakemake_data/sf3b1_nalm6_k700e_wt_ds.groups.txt
    output: leafcutter/differential_splicing/sf3b1_nalm6_k700e_wt_ds.juncfiles_ChromosomalGenome.bed_sf3b1_nalm6_k700e_wt_ds.groups.txt_effect_sizes.txt, leafcutter/differential_splicing/sf3b1_nalm6_k700e_wt_ds.juncfiles_ChromosomalGenome.bed_sf3b1_nalm6_k700e_wt_ds.groups.txt_cluster_significance.txt
    log: logs/leafcutter_ds/sf3b1_nalm6_k700e_wt_ds.juncfiles_ChromosomalGenome.bed_sf3b1_nalm6_k700e_wt_ds.groups.txt.log
    jobid: 7
    threads: 4


        mkdir -p leafcutter/differential_splicing/
        leafcutter_ds.R -p 4 -o leafcutter/differential_splicing/sf3b1_nalm6_k700e_wt_ds.juncfiles_ChromosomalGenome.bed_sf3b1_nalm6_k700e_wt_ds.groups.txt -e ../../data/other_snakemake_data/gencode.v26.exons.txt.gz -i 1 -g 2 leafcutter/clustering/sf3b1_nalm6_k700e_wt_ds.juncfiles_ChromosomalGenome.bed/Merged/leafcutter_perind_numers.gz ../../data/other_snakemake_data/sf3b1_nalm6_k700e_wt_ds.groups.txt &> logs/leafcutter_ds/sf3b1_nalm6_k700e_wt_ds.juncfiles_ChromosomalGenome.bed_sf3b1_nalm6_k700e_wt_ds.groups.txt.log
        
Submitted job 7 with external jobid 'Submitted batch job 61490860'.
[Fri Jul 19 14:30:02 2019]
Finished job 7.
1 of 3 steps (33%) done

[Fri Jul 19 14:30:02 2019]
rule MoveLeafcutterDsToGitRepo:
    input: leafcutter/differential_splicing/sf3b1_nalm6_k700e_wt_ds.juncfiles_ChromosomalGenome.bed_sf3b1_nalm6_k700e_wt_ds.groups.txt_effect_sizes.txt, leafcutter/differential_splicing/sf3b1_nalm6_k700e_wt_ds.juncfiles_ChromosomalGenome.bed_sf3b1_nalm6_k700e_wt_ds.groups.txt_cluster_significance.txt
    output: ../../output/snakemake_out_sf3b1_nalm6_k700e_wt_ds/leafcutter.ds.effect_sizes.txt.gz, ../../output/snakemake_out_sf3b1_nalm6_k700e_wt_ds/leafcutter.ds.cluster_sig.txt.gz
    jobid: 1


        cat leafcutter/differential_splicing/sf3b1_nalm6_k700e_wt_ds.juncfiles_ChromosomalGenome.bed_sf3b1_nalm6_k700e_wt_ds.groups.txt_effect_sizes.txt | gzip - > ../../output/snakemake_out_sf3b1_nalm6_k700e_wt_ds/leafcutter.ds.effect_sizes.txt.gz
        cat leafcutter/differential_splicing/sf3b1_nalm6_k700e_wt_ds.juncfiles_ChromosomalGenome.bed_sf3b1_nalm6_k700e_wt_ds.groups.txt_cluster_significance.txt | gzip - > ../../output/snakemake_out_sf3b1_nalm6_k700e_wt_ds/leafcutter.ds.cluster_sig.txt.gz
        
Submitted job 1 with external jobid 'Submitted batch job 61491099'.
[Fri Jul 19 14:32:02 2019]
Finished job 1.
2 of 3 steps (67%) done

[Fri Jul 19 14:32:02 2019]
rule all:
    input: ../../output/snakemake_out_sf3b1_nalm6_k700e_wt_ds/CountTableNumerators.gz, ../../output/snakemake_out_sf3b1_nalm6_k700e_wt_ds/SnaptronMetadata.SRA2.txt.gz, ../../output/snakemake_out_sf3b1_nalm6_k700e_wt_ds/SnaptronMetadata.GTEX.txt.gz, ../../output/snakemake_out_sf3b1_nalm6_k700e_wt_ds/SnaptronMetadata.TCGA.txt.gz, ../../output/snakemake_out_sf3b1_nalm6_k700e_wt_ds/leafcutter.ds.effect_sizes.txt.gz, leafcutter/clustering/sf3b1_nalm6_k700e_wt_ds.juncfiles_ChromosomalGenome.bed/Merged/leafcutter_perind.counts.numers.gz
    output: ../../output/snakemake_out_sf3b1_nalm6_k700e_wt_ds/GatherFilesCopied.log
    jobid: 0


        echo `date` >> ../../output/snakemake_out_sf3b1_nalm6_k700e_wt_ds/GatherFilesCopied.log
        echo ../../output/snakemake_out_sf3b1_nalm6_k700e_wt_ds/CountTableNumerators.gz ../../output/snakemake_out_sf3b1_nalm6_k700e_wt_ds/SnaptronMetadata.SRA2.txt.gz ../../output/snakemake_out_sf3b1_nalm6_k700e_wt_ds/SnaptronMetadata.GTEX.txt.gz ../../output/snakemake_out_sf3b1_nalm6_k700e_wt_ds/SnaptronMetadata.TCGA.txt.gz ../../output/snakemake_out_sf3b1_nalm6_k700e_wt_ds/leafcutter.ds.effect_sizes.txt.gz leafcutter/clustering/sf3b1_nalm6_k700e_wt_ds.juncfiles_ChromosomalGenome.bed/Merged/leafcutter_perind.counts.numers.gz >> ../../output/snakemake_out_sf3b1_nalm6_k700e_wt_ds/GatherFilesCopied.log
        
Submitted job 0 with external jobid 'Submitted batch job 61491146'.
[Fri Jul 19 14:33:02 2019]
Finished job 0.
3 of 3 steps (100%) done
Complete log: /project2/yangili1/slozano/snaptron-analysis/code/SubSnakemakeWorkflow/.snakemake/log/2019-07-19T142218.060646.snakemake.log
Executing main workflow.
Using shell: /bin/bash
Provided cluster nodes: 200
Job counts:
	count	jobs
	1	all
	1

[Fri Jul 19 14:33:12 2019]
localrule all:
    input: /project2/yangili1/slozano/snaptron-analysis/code/SubSnakemakeWorkflow/../../output/snakemake_out_sf3b1_nalm6_k700e_wt_ds/GatherFilesCopied.log
    jobid: 0

[Fri Jul 19 14:33:12 2019]
Finished job 0.
1 of 1 steps (100%) done
Complete log: /project2/yangili1/slozano/snaptron-analysis/code/SubSnakemakeWorkflow/.snakemake/log/2019-07-19T142218.060646.snakemake.log
